1708110342542:d
1708110348584:display
1708111763337:d
1708111848796:a 1 2 3
1708112229338:a 123 123 123
1708112236375:d
1708112269626:r 8cf6fc9a-8906-425b-b8ef-06922e6715f8
1708112272653:d
1708112476140:a 123 123 123
1708112557705:d id=6facc1f5-d1be-4b75-94d2-3b42132e9a3e
1708112566765:r id=6facc1f5-d1be-4b75-94d2-3b42132e9a3e
1708112570788:d
1708112578866:d 6facc1f5-d1be-4b75-94d2-3b42132e9a3e
1708112581886:r 6facc1f5-d1be-4b75-94d2-3b42132e9a3e
1708112741894:a 123 123 123
1708198574825:d
1708200803301:a Р”РјРёС‚СЂРёР№ РЁРµРїРµР»РµРІ 22
1708200815402:d
1708201726749:a 123 123 123
1708201728767:d
1708201793033:r 003b7b35-acc3-4dad-8d99-19736513cb22
1708201797069:d
1708201810188:c
1708201812205:d
1708202653431:a 1 2 3
1708202666610:d
1708203699034:РІ
1708203701054:d
1708251245142:a
1708251439612:d
1708251464160:a 123 123 123
1708251485798:d
1708251490844:a 123 123 123
1708271559250:d
1708271961176:r ee59e032-75d7-4dd9-915a-01b34a8e2cdf
1708271966212:d
1708271970253:c
1708271974286:d
